{"datetime":"2022-5-27 15:20:2","level":"info","message":"🔥[REDIS]: connected at PORT: 6379","service":"application"}
{"datetime":"2022-5-27 15:20:2","level":"info","message":"⚡️[API]: started at PORT:3000","service":"application"}
{"datetime":"2022-5-27 15:20:46","level":"info","message":"🔥[REDIS]: connected at PORT: 6379","service":"application"}
{"datetime":"2022-5-27 15:20:46","level":"info","message":"⚡️[API]: started at PORT:3000","service":"application"}
{"datetime":"2022-5-27 15:21:1","level":"info","message":"🔥[REDIS]: connected at PORT: 6379","service":"application"}
{"datetime":"2022-5-27 15:21:1","level":"info","message":"⚡️[API]: started at PORT:3000","service":"application"}
{"datetime":"2022-5-27 15:21:14","id":"d5541a0e-2e4d-4911-b52b-729482f397d3","level":"info","message":"[d5541a0e-2e4d-4911-b52b-729482f397d3] Request","method":"GET","params":{},"service":"application","status":"200","url":"/"}
{"datetime":"2022-5-29 6:31:50","level":"info","message":"🔥[REDIS]: connected at PORT: 6379","service":"application"}
{"datetime":"2022-5-29 6:31:50","level":"info","message":"⚡️[API]: started at PORT:3000","service":"application"}
{"datetime":"2022-5-29 6:31:54","id":"400bccb5-e670-4dee-8c8d-ffe67f857e4a","level":"info","message":"[400bccb5-e670-4dee-8c8d-ffe67f857e4a] Request","method":"GET","params":{},"service":"application","status":"200","url":"/"}
{"datetime":"2022-5-29 6:31:58","id":"7e165ef4-48c7-46cb-9d4e-4ebdfb30d63b","level":"info","message":"[7e165ef4-48c7-46cb-9d4e-4ebdfb30d63b] Request","method":"GET","params":{},"service":"application","status":"200","url":"/metrics"}
{"datetime":"2022-5-29 6:32:0","id":"dc9a17f6-9ee0-487f-b212-d2c0f9f9d783","level":"info","message":"[dc9a17f6-9ee0-487f-b212-d2c0f9f9d783] Request","method":"GET","params":{},"service":"application","status":"200","url":"/metrics"}
{"datetime":"2022-5-29 6:42:37","level":"info","message":"⚡️[API]: started at PORT:3000","service":"application"}
{"datetime":"2022-5-29 6:42:53","id":"ac0e57c3-6e8e-434e-8225-b8a8a93ad521","level":"info","message":"[ac0e57c3-6e8e-434e-8225-b8a8a93ad521] Request","method":"GET","params":{},"service":"application","status":"200","url":"/"}
{"datetime":"2022-5-29 6:42:54","id":"d689d992-b90b-4494-a7e9-057cccc185e4","level":"info","message":"[d689d992-b90b-4494-a7e9-057cccc185e4] Request","method":"GET","params":{},"service":"application","status":"200","url":"/"}
{"datetime":"2022-5-29 6:42:54","id":"aeb4ae5d-0c97-467b-acf7-e30fb25c2b40","level":"info","message":"[aeb4ae5d-0c97-467b-acf7-e30fb25c2b40] Request","method":"GET","params":{},"service":"application","status":"200","url":"/"}
{"datetime":"2022-5-29 6:42:59","id":"45808f72-f901-40fb-a2b1-e165298c1e03","level":"info","message":"[45808f72-f901-40fb-a2b1-e165298c1e03] Request","method":"GET","params":{},"service":"application","status":"200","url":"/metrics"}
{"datetime":"2022-5-29 6:43:17","id":"13958c56-c413-43cc-a891-a225ed6c3cd7","level":"info","message":"[13958c56-c413-43cc-a891-a225ed6c3cd7] Request","method":"GET","params":{},"service":"application","status":"200","url":"/"}
{"datetime":"2022-5-29 6:43:20","id":"b3cd7abb-9eb5-4e99-a762-c674391639c7","level":"info","message":"[b3cd7abb-9eb5-4e99-a762-c674391639c7] Request","method":"GET","params":{},"service":"application","status":"200","url":"/metrics"}
{"datetime":"2022-5-29 6:44:37","level":"info","message":"⚡️[API]: started at PORT:3000","service":"application"}
{"datetime":"2022-5-29 6:44:53","level":"info","message":"⚡️[API]: started at PORT:3000","service":"application"}
{"datetime":"2022-5-29 6:46:32","level":"info","message":"⚡️[API]: started at PORT:3000","service":"application"}
{"datetime":"2022-5-29 6:46:39","level":"info","message":"⚡️[API]: started at PORT:3000","service":"application"}
{"datetime":"2022-5-29 6:47:10","level":"info","message":"⚡️[API]: started at PORT:3000","service":"application"}
{"datetime":"2022-5-29 6:47:27","level":"info","message":"⚡️[API]: started at PORT:3000","service":"application"}
{"datetime":"2022-5-29 6:48:53","level":"info","message":"⚡️[API]: started at PORT:3000","service":"application"}
{"datetime":"2022-5-29 6:49:12","level":"info","message":"⚡️[API]: started at PORT:3000","service":"application"}
{"datetime":"2022-5-29 6:49:20","level":"info","message":"⚡️[API]: started at PORT:3000","service":"application"}
{"datetime":"2022-5-29 6:49:27","level":"info","message":"⚡️[API]: started at PORT:3000","service":"application"}
{"datetime":"2022-5-29 6:50:4","level":"info","message":"⚡️[API]: started at PORT:3000","service":"application"}
{"datetime":"2022-5-29 6:50:33","level":"info","message":"⚡️[API]: started at PORT:3000","service":"application"}
{"datetime":"2022-5-29 6:51:49","level":"info","message":"⚡️[API]: started at PORT:3000","service":"application"}
{"datetime":"2022-5-29 6:52:56","level":"info","message":"⚡️[API]: started at PORT:3000","service":"application"}
{"datetime":"2022-5-29 6:53:13","level":"info","message":"⚡️[API]: started at PORT:3000","service":"application"}
{"datetime":"2022-5-29 6:53:36","id":"227b1396-765e-4ba9-9474-31e9ea12e20b","level":"info","message":"[227b1396-765e-4ba9-9474-31e9ea12e20b] Request","method":"GET","params":{},"service":"application","status":"200","url":"/metrics"}
{"datetime":"2022-5-29 6:53:36","level":"error","message":{},"service":"application"}
{"datetime":"2022-5-29 6:53:36","id":"069a20a0-c82d-4307-a63a-35c9c811467a","level":"info","message":"[069a20a0-c82d-4307-a63a-35c9c811467a] Request","method":"GET","params":{},"service":"application","status":"200","url":"/metrics"}
{"datetime":"2022-5-29 6:53:36","level":"error","message":{},"service":"application"}
{"datetime":"2022-5-29 6:53:36","id":"d7392870-01e7-4f49-99b0-f368bcfbcadf","level":"info","message":"[d7392870-01e7-4f49-99b0-f368bcfbcadf] Request","method":"GET","params":{},"service":"application","status":"200","url":"/metrics"}
{"datetime":"2022-5-29 6:53:36","level":"error","message":{},"service":"application"}
{"datetime":"2022-5-29 6:53:36","id":"2f9e7442-c929-44c0-af68-219529bbbf13","level":"info","message":"[2f9e7442-c929-44c0-af68-219529bbbf13] Request","method":"GET","params":{},"service":"application","status":"200","url":"/metrics"}
{"datetime":"2022-5-29 6:53:36","level":"error","message":{},"service":"application"}
{"datetime":"2022-5-29 6:53:37","id":"c9b26922-eef5-452f-abcf-478520868dad","level":"info","message":"[c9b26922-eef5-452f-abcf-478520868dad] Request","method":"GET","params":{},"service":"application","status":"200","url":"/metrics"}
{"datetime":"2022-5-29 6:53:37","level":"error","message":{},"service":"application"}
{"datetime":"2022-5-29 7:14:21","level":"info","message":"⚡️[API]: started at PORT:3000","service":"application"}
{"datetime":"2022-5-29 7:14:22","id":"232fda17-c74e-40d9-a89f-6d3c270ea707","level":"info","message":"[232fda17-c74e-40d9-a89f-6d3c270ea707] Request","method":"GET","params":{},"service":"application","status":"200","url":"/metrics"}
{"datetime":"2022-5-29 7:14:22","level":"error","message":{},"service":"application"}
{"datetime":"2022-5-29 7:14:22","id":"108f9ec3-dddc-41e5-924c-61fe0e58c5a3","level":"info","message":"[108f9ec3-dddc-41e5-924c-61fe0e58c5a3] Request","method":"GET","params":{},"service":"application","status":"200","url":"/metrics"}
{"datetime":"2022-5-29 7:14:22","level":"error","message":{},"service":"application"}
{"datetime":"2022-5-29 7:14:35","id":"bacb8d93-dcf2-4e10-9d38-cd8a769c46ba","level":"info","message":"[bacb8d93-dcf2-4e10-9d38-cd8a769c46ba] Request","method":"GET","params":{},"service":"application","status":"200","url":"/metrics"}
{"datetime":"2022-5-29 7:14:35","level":"error","message":{},"service":"application"}
{"datetime":"2022-5-29 7:14:56","level":"info","message":"⚡️[API]: started at PORT:3000","service":"application"}
{"datetime":"2022-5-29 7:14:57","id":"5fb4e9fd-c742-48e3-a6aa-085acbed98dd","level":"info","message":"[5fb4e9fd-c742-48e3-a6aa-085acbed98dd] Request","method":"GET","params":{},"service":"application","status":"200","url":"/metrics"}
{"datetime":"2022-5-29 7:14:57","level":"error","message":{},"service":"application"}
{"datetime":"2022-5-29 7:14:59","id":"9a0a60fc-a047-4a09-bea9-e688d52ec75d","level":"info","message":"[9a0a60fc-a047-4a09-bea9-e688d52ec75d] Request","method":"GET","params":{},"service":"application","status":"200","url":"/metrics"}
{"datetime":"2022-5-29 7:14:59","level":"error","message":{},"service":"application"}
{"datetime":"2022-5-29 7:15:9","level":"info","message":"⚡️[API]: started at PORT:3000","service":"application"}
{"datetime":"2022-5-29 7:16:26","level":"info","message":"⚡️[API]: started at PORT:3000","service":"application"}
{"datetime":"2022-5-29 7:16:33","id":"a0707f96-82ae-4175-802e-decc55e7f680","level":"info","message":"[a0707f96-82ae-4175-802e-decc55e7f680] Request","method":"GET","params":{},"service":"application","status":"200","url":"/metrics"}
{"datetime":"2022-5-29 7:16:33","level":"error","message":{},"service":"application"}
{"datetime":"2022-5-29 7:17:15","level":"info","message":"⚡️[API]: started at PORT:3000","service":"application"}
{"datetime":"2022-5-29 7:17:17","id":"af61f86f-a3cd-4025-b701-cc01ea0044c3","level":"info","message":"[af61f86f-a3cd-4025-b701-cc01ea0044c3] Request","method":"GET","params":{},"service":"application","status":"200","url":"/metrics"}
{"datetime":"2022-5-29 7:17:17","level":"error","message":{},"service":"application"}
{"datetime":"2022-5-29 7:17:17","id":"22669695-975f-4609-b93c-19f548684d34","level":"info","message":"[22669695-975f-4609-b93c-19f548684d34] Request","method":"GET","params":{},"service":"application","status":"200","url":"/metrics"}
{"datetime":"2022-5-29 7:17:17","level":"error","message":{},"service":"application"}
{"datetime":"2022-5-29 7:17:18","id":"f498c910-5d96-422f-aa0c-e018c7fa26c1","level":"info","message":"[f498c910-5d96-422f-aa0c-e018c7fa26c1] Request","method":"GET","params":{},"service":"application","status":"200","url":"/metrics"}
{"datetime":"2022-5-29 7:17:18","level":"error","message":{},"service":"application"}
{"datetime":"2022-5-29 7:17:18","id":"a1e80302-6d74-4388-9c21-398b9ed0461f","level":"info","message":"[a1e80302-6d74-4388-9c21-398b9ed0461f] Request","method":"GET","params":{},"service":"application","status":"200","url":"/metrics"}
{"datetime":"2022-5-29 7:17:18","level":"error","message":{},"service":"application"}
{"datetime":"2022-5-29 7:17:40","level":"info","message":"⚡️[API]: started at PORT:3000","service":"application"}
{"datetime":"2022-5-29 7:17:43","id":"c1405534-7c35-4584-b624-3aa476cf590b","level":"info","message":"[c1405534-7c35-4584-b624-3aa476cf590b] Request","method":"GET","params":{},"service":"application","status":"200","url":"/metrics"}
{"datetime":"2022-5-29 7:17:43","level":"error","message":{},"service":"application"}
{"datetime":"2022-5-29 7:17:44","id":"597c9ec1-51e4-4ab5-8f1b-bbd961dd49b3","level":"info","message":"[597c9ec1-51e4-4ab5-8f1b-bbd961dd49b3] Request","method":"GET","params":{},"service":"application","status":"200","url":"/metrics"}
{"datetime":"2022-5-29 7:17:44","level":"error","message":{},"service":"application"}
{"datetime":"2022-5-29 7:17:44","id":"cd144b8c-d8b7-48e4-99cf-1c598835b9a4","level":"info","message":"[cd144b8c-d8b7-48e4-99cf-1c598835b9a4] Request","method":"GET","params":{},"service":"application","status":"200","url":"/metrics"}
{"datetime":"2022-5-29 7:17:44","level":"error","message":{},"service":"application"}
{"datetime":"2022-5-29 7:17:45","id":"25e99a2d-b309-4383-a5a7-650fb3f3bd57","level":"info","message":"[25e99a2d-b309-4383-a5a7-650fb3f3bd57] Request","method":"GET","params":{},"service":"application","status":"200","url":"/metrics"}
{"datetime":"2022-5-29 7:17:45","level":"error","message":{},"service":"application"}
{"datetime":"2022-5-29 7:17:45","id":"e7f9ade9-ac8b-4f7e-acfa-323bd660516b","level":"info","message":"[e7f9ade9-ac8b-4f7e-acfa-323bd660516b] Request","method":"GET","params":{},"service":"application","status":"200","url":"/metrics"}
{"datetime":"2022-5-29 7:17:45","level":"error","message":{},"service":"application"}
{"datetime":"2022-5-29 7:17:45","id":"126a6a98-19af-4767-9a0c-012f2d482e08","level":"info","message":"[126a6a98-19af-4767-9a0c-012f2d482e08] Request","method":"GET","params":{},"service":"application","status":"200","url":"/metrics"}
{"datetime":"2022-5-29 7:17:45","level":"error","message":{},"service":"application"}
{"datetime":"2022-5-29 7:17:45","id":"e3667015-2f9a-4b3f-8b96-9465977fef96","level":"info","message":"[e3667015-2f9a-4b3f-8b96-9465977fef96] Request","method":"GET","params":{},"service":"application","status":"200","url":"/metrics"}
{"datetime":"2022-5-29 7:17:45","level":"error","message":{},"service":"application"}
{"datetime":"2022-5-29 7:17:46","id":"bac1e578-3f25-4333-aec6-6a4b07443ae4","level":"info","message":"[bac1e578-3f25-4333-aec6-6a4b07443ae4] Request","method":"GET","params":{},"service":"application","status":"200","url":"/metrics"}
{"datetime":"2022-5-29 7:17:46","level":"error","message":{},"service":"application"}
{"datetime":"2022-5-29 7:17:46","id":"dcdba618-1590-4181-b476-5bb8a398829d","level":"info","message":"[dcdba618-1590-4181-b476-5bb8a398829d] Request","method":"GET","params":{},"service":"application","status":"200","url":"/metrics"}
{"datetime":"2022-5-29 7:17:46","level":"error","message":{},"service":"application"}
{"datetime":"2022-5-29 7:17:47","id":"67a2a234-b736-4cbb-a71a-b74616292bd9","level":"info","message":"[67a2a234-b736-4cbb-a71a-b74616292bd9] Request","method":"GET","params":{},"service":"application","status":"200","url":"/metrics"}
{"datetime":"2022-5-29 7:17:47","level":"error","message":{},"service":"application"}
{"datetime":"2022-5-29 7:17:47","id":"ebf4c485-ecf1-495b-af36-b5a40e7f81b7","level":"info","message":"[ebf4c485-ecf1-495b-af36-b5a40e7f81b7] Request","method":"GET","params":{},"service":"application","status":"200","url":"/metrics"}
{"datetime":"2022-5-29 7:17:47","level":"error","message":{},"service":"application"}
{"datetime":"2022-5-29 7:17:47","id":"6925b0b8-ca4f-4110-86ce-87e4114aced1","level":"info","message":"[6925b0b8-ca4f-4110-86ce-87e4114aced1] Request","method":"GET","params":{},"service":"application","status":"200","url":"/metrics"}
{"datetime":"2022-5-29 7:17:47","level":"error","message":{},"service":"application"}
{"datetime":"2022-5-29 7:17:47","id":"7021a2da-12c6-4981-9c97-8f1af9e5a7a7","level":"info","message":"[7021a2da-12c6-4981-9c97-8f1af9e5a7a7] Request","method":"GET","params":{},"service":"application","status":"200","url":"/metrics"}
{"datetime":"2022-5-29 7:17:47","level":"error","message":{},"service":"application"}
{"datetime":"2022-5-29 7:17:47","id":"82833ad2-82cc-449e-9649-df6f8c2dd01b","level":"info","message":"[82833ad2-82cc-449e-9649-df6f8c2dd01b] Request","method":"GET","params":{},"service":"application","status":"200","url":"/metrics"}
{"datetime":"2022-5-29 7:17:47","level":"error","message":{},"service":"application"}
{"datetime":"2022-5-29 7:17:48","id":"d51a2ee3-16ac-478f-92c4-30e91bec69d8","level":"info","message":"[d51a2ee3-16ac-478f-92c4-30e91bec69d8] Request","method":"GET","params":{},"service":"application","status":"200","url":"/metrics"}
{"datetime":"2022-5-29 7:17:48","level":"error","message":{},"service":"application"}
{"datetime":"2022-5-29 7:17:48","id":"79aae138-1cac-4f18-b843-9820f4fceafc","level":"info","message":"[79aae138-1cac-4f18-b843-9820f4fceafc] Request","method":"GET","params":{},"service":"application","status":"200","url":"/metrics"}
{"datetime":"2022-5-29 7:17:48","level":"error","message":{},"service":"application"}
{"datetime":"2022-5-29 7:17:49","id":"5ad24818-d27f-49bd-a954-23c583757307","level":"info","message":"[5ad24818-d27f-49bd-a954-23c583757307] Request","method":"GET","params":{},"service":"application","status":"200","url":"/metrics"}
{"datetime":"2022-5-29 7:17:49","level":"error","message":{},"service":"application"}
{"datetime":"2022-5-29 7:17:50","id":"4767c70d-5822-4b76-887e-9c19e9b8ea71","level":"info","message":"[4767c70d-5822-4b76-887e-9c19e9b8ea71] Request","method":"GET","params":{},"service":"application","status":"200","url":"/metrics"}
{"datetime":"2022-5-29 7:17:50","level":"error","message":{},"service":"application"}
{"datetime":"2022-5-29 7:18:57","level":"info","message":"⚡️[API]: started at PORT:3000","service":"application"}
{"datetime":"2022-5-29 7:19:4","level":"info","message":"⚡️[API]: started at PORT:3000","service":"application"}
{"datetime":"2022-5-29 7:19:9","id":"ea5c3279-4009-4dfd-bb63-c0ca98388b5b","level":"info","message":"[ea5c3279-4009-4dfd-bb63-c0ca98388b5b] Request","method":"GET","params":{},"service":"application","status":"200","url":"/metrics"}
{"datetime":"2022-5-29 7:19:9","level":"error","message":{},"service":"application"}
{"datetime":"2022-5-29 7:19:10","id":"b895eed6-8030-4f29-9a22-4ede22b006e4","level":"info","message":"[b895eed6-8030-4f29-9a22-4ede22b006e4] Request","method":"GET","params":{},"service":"application","status":"200","url":"/metrics"}
{"datetime":"2022-5-29 7:19:10","level":"error","message":{},"service":"application"}
{"datetime":"2022-5-29 7:19:29","level":"info","message":"⚡️[API]: started at PORT:3000","service":"application"}
{"datetime":"2022-5-29 7:19:30","id":"257a5186-0a1f-4621-b109-fa641ba7abd6","level":"info","message":"[257a5186-0a1f-4621-b109-fa641ba7abd6] Request","method":"GET","params":{},"service":"application","status":"200","url":"/metrics"}
{"datetime":"2022-5-29 7:19:30","level":"error","message":{},"service":"application"}
{"datetime":"2022-5-29 7:20:0","level":"info","message":"⚡️[API]: started at PORT:3000","service":"application"}
{"datetime":"2022-5-29 7:20:4","id":"b6503727-e3d2-453e-9f90-84e140adbb93","level":"info","message":"[b6503727-e3d2-453e-9f90-84e140adbb93] Request","method":"GET","params":{},"service":"application","status":"200","url":"/metrics"}
{"datetime":"2022-5-29 7:20:5","id":"ad4e04b5-8653-4d43-8fe0-52f3ef92dd25","level":"info","message":"[ad4e04b5-8653-4d43-8fe0-52f3ef92dd25] Request","method":"GET","params":{},"service":"application","status":"200","url":"/metrics"}
{"datetime":"2022-5-29 7:20:29","level":"info","message":"⚡️[API]: started at PORT:3000","service":"application"}
{"datetime":"2022-5-29 7:20:45","level":"info","message":"⚡️[API]: started at PORT:3000","service":"application"}
{"datetime":"2022-5-29 7:20:46","id":"30673aa6-d59a-4b7a-8de2-8d7202db87db","level":"info","message":"[30673aa6-d59a-4b7a-8de2-8d7202db87db] Request","method":"GET","params":{},"service":"application","status":"200","url":"/metrics"}
{"datetime":"2022-5-29 7:20:47","id":"013ab7e7-dd5e-4f8e-90ca-7a3ad2d6fd0f","level":"info","message":"[013ab7e7-dd5e-4f8e-90ca-7a3ad2d6fd0f] Request","method":"GET","params":{},"service":"application","status":"200","url":"/metrics"}
{"datetime":"2022-5-29 7:20:47","id":"981bebb6-4619-4e6b-b0c4-1f4e2402a1af","level":"info","message":"[981bebb6-4619-4e6b-b0c4-1f4e2402a1af] Request","method":"GET","params":{},"service":"application","status":"200","url":"/metrics"}
{"datetime":"2022-5-29 7:20:47","id":"1bf77417-506d-4f48-b56e-90e0511287ba","level":"info","message":"[1bf77417-506d-4f48-b56e-90e0511287ba] Request","method":"GET","params":{},"service":"application","status":"200","url":"/metrics"}
{"datetime":"2022-5-29 7:20:47","id":"000e01a2-ce3e-47f0-8d24-887ee159104c","level":"info","message":"[000e01a2-ce3e-47f0-8d24-887ee159104c] Request","method":"GET","params":{},"service":"application","status":"200","url":"/metrics"}
{"datetime":"2022-5-29 7:20:52","id":"9a56de73-8084-4b91-b37e-08e2232749a8","level":"info","message":"[9a56de73-8084-4b91-b37e-08e2232749a8] Request","method":"GET","params":{},"service":"application","status":"200","url":"/metrics"}
{"datetime":"2022-5-29 7:20:55","id":"34c5115b-fd94-4169-9726-b0b2c4c0f588","level":"info","message":"[34c5115b-fd94-4169-9726-b0b2c4c0f588] Request","method":"GET","params":{},"service":"application","status":"200","url":"/"}
{"datetime":"2022-5-29 7:20:57","id":"c40af374-0f9f-467f-ab18-7292b5b5e73a","level":"info","message":"[c40af374-0f9f-467f-ab18-7292b5b5e73a] Request","method":"GET","params":{},"service":"application","status":"200","url":"/metrics"}
{"datetime":"2022-5-29 7:21:34","level":"info","message":"⚡️[API]: started at PORT:3000","service":"application"}
{"datetime":"2022-5-29 7:21:36","id":"c13a846b-186a-4b5b-80b2-81686e1a451f","level":"info","message":"[c13a846b-186a-4b5b-80b2-81686e1a451f] Request","method":"GET","params":{},"service":"application","status":"200","url":"/metrics"}
{"datetime":"2022-5-29 7:21:37","id":"e477049e-f30f-46c1-a2e9-db5106c6b04b","level":"info","message":"[e477049e-f30f-46c1-a2e9-db5106c6b04b] Request","method":"GET","params":{},"service":"application","status":"200","url":"/metrics"}
{"datetime":"2022-5-29 7:21:37","id":"77856b83-6f3e-4e84-80e6-c07f3ea7483b","level":"info","message":"[77856b83-6f3e-4e84-80e6-c07f3ea7483b] Request","method":"GET","params":{},"service":"application","status":"200","url":"/metrics"}
{"datetime":"2022-5-29 7:21:37","id":"d420d4d7-b4f9-4aa9-8902-df648abae771","level":"info","message":"[d420d4d7-b4f9-4aa9-8902-df648abae771] Request","method":"GET","params":{},"service":"application","status":"200","url":"/metrics"}
{"datetime":"2022-5-29 7:21:39","id":"d300af86-3dc0-4913-8277-97cf3401f264","level":"info","message":"[d300af86-3dc0-4913-8277-97cf3401f264] Request","method":"GET","params":{},"service":"application","status":"200","url":"/metrics"}
{"datetime":"2022-5-29 7:21:40","id":"660a733f-2c26-4b64-a599-e42ad89021fc","level":"info","message":"[660a733f-2c26-4b64-a599-e42ad89021fc] Request","method":"GET","params":{},"service":"application","status":"200","url":"/metrics"}
{"datetime":"2022-5-29 7:21:53","id":"cd5283e1-74ed-48ba-9da7-770c39e041ca","level":"info","message":"[cd5283e1-74ed-48ba-9da7-770c39e041ca] Request","method":"GET","params":{},"service":"application","status":"200","url":"/metrics"}
{"datetime":"2022-5-29 7:21:54","id":"7d31a955-4f28-4268-a8ed-832975bd6988","level":"info","message":"[7d31a955-4f28-4268-a8ed-832975bd6988] Request","method":"GET","params":{},"service":"application","status":"200","url":"/metrics"}
{"datetime":"2022-5-29 7:21:54","id":"34fa1936-22f5-475f-b781-1e9431df1515","level":"info","message":"[34fa1936-22f5-475f-b781-1e9431df1515] Request","method":"GET","params":{},"service":"application","status":"200","url":"/metrics"}
{"datetime":"2022-5-29 7:21:54","id":"faf65070-9e56-4db5-ae6e-cadf0416c6af","level":"info","message":"[faf65070-9e56-4db5-ae6e-cadf0416c6af] Request","method":"GET","params":{},"service":"application","status":"200","url":"/metrics"}
{"datetime":"2022-5-29 7:21:54","id":"ead8f516-2d7b-4814-8612-76bf8589eb36","level":"info","message":"[ead8f516-2d7b-4814-8612-76bf8589eb36] Request","method":"GET","params":{},"service":"application","status":"200","url":"/metrics"}
{"datetime":"2022-5-29 7:21:54","id":"62f3c43a-7fc9-4b50-be2d-8d408ade4071","level":"info","message":"[62f3c43a-7fc9-4b50-be2d-8d408ade4071] Request","method":"GET","params":{},"service":"application","status":"200","url":"/metrics"}
{"datetime":"2022-5-29 7:21:54","id":"c4cc1832-394f-4c2b-897d-cd28974e0e87","level":"info","message":"[c4cc1832-394f-4c2b-897d-cd28974e0e87] Request","method":"GET","params":{},"service":"application","status":"200","url":"/metrics"}
{"datetime":"2022-5-29 7:21:55","id":"ac70f966-9816-4519-857d-9e15bcffe91d","level":"info","message":"[ac70f966-9816-4519-857d-9e15bcffe91d] Request","method":"GET","params":{},"service":"application","status":"200","url":"/metrics"}
{"datetime":"2022-5-29 7:21:55","id":"7f311e27-fb98-489d-938b-50222b6ef720","level":"info","message":"[7f311e27-fb98-489d-938b-50222b6ef720] Request","method":"GET","params":{},"service":"application","status":"200","url":"/metrics"}
{"datetime":"2022-5-29 7:21:55","id":"6f57aef9-e48c-4b55-a62d-8cd2daf2cee3","level":"info","message":"[6f57aef9-e48c-4b55-a62d-8cd2daf2cee3] Request","method":"GET","params":{},"service":"application","status":"200","url":"/metrics"}
{"datetime":"2022-5-29 7:21:55","id":"8693f93e-9131-4c43-84a0-fdea6082efb6","level":"info","message":"[8693f93e-9131-4c43-84a0-fdea6082efb6] Request","method":"GET","params":{},"service":"application","status":"200","url":"/metrics"}
{"datetime":"2022-5-29 7:21:55","id":"505061e6-5d1c-4584-bba9-f1609958a11f","level":"info","message":"[505061e6-5d1c-4584-bba9-f1609958a11f] Request","method":"GET","params":{},"service":"application","status":"200","url":"/metrics"}
{"datetime":"2022-5-29 7:22:42","id":"8387517a-5e58-47ff-9b4f-d3bd9e403fbd","level":"info","message":"[8387517a-5e58-47ff-9b4f-d3bd9e403fbd] Request","method":"GET","params":{},"service":"application","status":"200","url":"/metrics"}
{"datetime":"2022-5-29 7:26:4","level":"info","message":"⚡️[API]: started at PORT:3000","service":"application"}
{"datetime":"2022-5-29 7:26:40","level":"info","message":"⚡️[API]: started at PORT:3000","service":"application"}
{"datetime":"2022-5-29 7:26:47","level":"info","message":"⚡️[API]: started at PORT:3000","service":"application"}
{"datetime":"2022-5-29 7:27:14","level":"info","message":"⚡️[API]: started at PORT:3000","service":"application"}
{"datetime":"2022-5-29 7:27:18","id":"0dbc9c31-dc8b-40e8-8c8e-d1c562049693","level":"info","message":"[0dbc9c31-dc8b-40e8-8c8e-d1c562049693] Request","method":"GET","params":{},"service":"application","status":"200","url":"/metrics"}
{"datetime":"2022-5-29 7:27:18","id":"38ba024a-231b-4637-9e18-2ad1f276b8ae","level":"info","message":"[38ba024a-231b-4637-9e18-2ad1f276b8ae] Request","method":"GET","params":{},"service":"application","status":"200","url":"/metrics"}
{"datetime":"2022-5-29 7:27:19","id":"90f234d2-18c5-467a-b1c7-b73e7a0bffd3","level":"info","message":"[90f234d2-18c5-467a-b1c7-b73e7a0bffd3] Request","method":"GET","params":{},"service":"application","status":"200","url":"/metrics"}
{"datetime":"2022-5-29 7:27:26","level":"info","message":"⚡️[API]: started at PORT:3000","service":"application"}
{"datetime":"2022-5-29 7:27:28","id":"dc35e504-fc80-4649-9d99-7e6a5aefefb9","level":"info","message":"[dc35e504-fc80-4649-9d99-7e6a5aefefb9] Request","method":"GET","params":{},"service":"application","status":"200","url":"/metrics"}
{"datetime":"2022-5-29 7:27:28","id":"36d89005-3bc1-49b5-898e-209153436329","level":"info","message":"[36d89005-3bc1-49b5-898e-209153436329] Request","method":"GET","params":{},"service":"application","status":"200","url":"/metrics"}
{"datetime":"2022-5-29 7:27:28","id":"75ee01a7-0dab-4154-a713-c823b70b6f89","level":"info","message":"[75ee01a7-0dab-4154-a713-c823b70b6f89] Request","method":"GET","params":{},"service":"application","status":"200","url":"/metrics"}
{"datetime":"2022-5-29 7:27:34","level":"info","message":"⚡️[API]: started at PORT:3000","service":"application"}
{"datetime":"2022-5-29 7:27:41","id":"89c73b4e-07a8-4004-a476-c38f75b55131","level":"info","message":"[89c73b4e-07a8-4004-a476-c38f75b55131] Request","method":"GET","params":{},"service":"application","status":"200","url":"/metrics"}
{"datetime":"2022-5-29 7:28:5","level":"info","message":"⚡️[API]: started at PORT:3000","service":"application"}
{"datetime":"2022-5-29 7:28:7","level":"info","message":"⚡️[API]: started at PORT:3000","service":"application"}
{"datetime":"2022-5-29 7:28:30","id":"f5321a96-0edb-408c-b835-854b2297ff6c","level":"info","message":"[f5321a96-0edb-408c-b835-854b2297ff6c] Request","method":"GET","params":{},"service":"application","status":"200","url":"/metrics"}
{"datetime":"2022-5-29 7:28:30","id":"6a358787-f3dc-4d14-9e0e-1f600f8b394d","level":"info","message":"[6a358787-f3dc-4d14-9e0e-1f600f8b394d] Request","method":"GET","params":{},"service":"application","status":"200","url":"/metrics"}
{"datetime":"2022-5-29 7:28:30","id":"c6f9a64a-9123-410c-8ddc-6b31200b0441","level":"info","message":"[c6f9a64a-9123-410c-8ddc-6b31200b0441] Request","method":"GET","params":{},"service":"application","status":"200","url":"/metrics"}
{"datetime":"2022-5-29 7:28:30","id":"f257a2a9-0bba-41ac-902b-0eec8ced4447","level":"info","message":"[f257a2a9-0bba-41ac-902b-0eec8ced4447] Request","method":"GET","params":{},"service":"application","status":"200","url":"/metrics"}
{"datetime":"2022-5-29 7:28:30","id":"40026adf-c286-4147-8ad3-e66dd7a6f0ab","level":"info","message":"[40026adf-c286-4147-8ad3-e66dd7a6f0ab] Request","method":"GET","params":{},"service":"application","status":"200","url":"/metrics"}
{"datetime":"2022-5-29 7:28:31","id":"d4d8a218-6356-4899-9ed1-7847cb6d76b8","level":"info","message":"[d4d8a218-6356-4899-9ed1-7847cb6d76b8] Request","method":"GET","params":{},"service":"application","status":"200","url":"/metrics"}
{"datetime":"2022-5-29 7:28:31","id":"72bebd83-df62-4573-9f41-1d3a1af68884","level":"info","message":"[72bebd83-df62-4573-9f41-1d3a1af68884] Request","method":"GET","params":{},"service":"application","status":"200","url":"/metrics"}
{"datetime":"2022-5-29 7:28:31","id":"564ba601-320b-4920-8f40-09efda14cb18","level":"info","message":"[564ba601-320b-4920-8f40-09efda14cb18] Request","method":"GET","params":{},"service":"application","status":"200","url":"/metrics"}
{"datetime":"2022-5-29 7:28:31","id":"7caa728b-5632-4b4a-9b57-90dba0f978a9","level":"info","message":"[7caa728b-5632-4b4a-9b57-90dba0f978a9] Request","method":"GET","params":{},"service":"application","status":"200","url":"/metrics"}
{"datetime":"2022-5-29 7:28:57","level":"info","message":"⚡️[API]: started at PORT:3000","service":"application"}
{"datetime":"2022-5-29 7:28:58","id":"9685a4a3-b15e-468a-aab0-170819c6e6c8","level":"info","message":"[9685a4a3-b15e-468a-aab0-170819c6e6c8] Request","method":"GET","params":{},"service":"application","status":"200","url":"/metrics"}
{"datetime":"2022-5-29 7:29:13","level":"info","message":"⚡️[API]: started at PORT:3000","service":"application"}
{"datetime":"2022-5-29 7:29:14","id":"cfa1e11a-6fc0-4ca6-8d8b-c995f7fd9040","level":"info","message":"[cfa1e11a-6fc0-4ca6-8d8b-c995f7fd9040] Request","method":"GET","params":{},"service":"application","status":"200","url":"/metrics"}
{"datetime":"2022-5-29 7:29:54","level":"info","message":"⚡️[API]: started at PORT:3000","service":"application"}
{"datetime":"2022-5-29 7:29:58","id":"574e5c6c-4435-44b6-b1bb-4e7513611f18","level":"info","message":"[574e5c6c-4435-44b6-b1bb-4e7513611f18] Request","method":"GET","params":{},"service":"application","status":"200","url":"/metrics"}
{"datetime":"2022-5-29 7:29:59","id":"d9ae5f90-44e1-4ec2-b2aa-d789bbc929c9","level":"info","message":"[d9ae5f90-44e1-4ec2-b2aa-d789bbc929c9] Request","method":"GET","params":{},"service":"application","status":"200","url":"/metrics"}
{"datetime":"2022-5-29 7:29:59","id":"1113497c-854d-4bc5-93cb-f97fa023114c","level":"info","message":"[1113497c-854d-4bc5-93cb-f97fa023114c] Request","method":"GET","params":{},"service":"application","status":"200","url":"/metrics"}
{"datetime":"2022-5-29 7:29:59","id":"a75332af-371c-4726-b771-81a73c0d6eb6","level":"info","message":"[a75332af-371c-4726-b771-81a73c0d6eb6] Request","method":"GET","params":{},"service":"application","status":"200","url":"/metrics"}
{"datetime":"2022-5-29 7:29:59","id":"97d7b67a-f893-4692-a11f-18bd8db3bb6b","level":"info","message":"[97d7b67a-f893-4692-a11f-18bd8db3bb6b] Request","method":"GET","params":{},"service":"application","status":"200","url":"/metrics"}
{"datetime":"2022-5-29 7:30:0","id":"afc22966-dea4-4477-a86d-a61ed7cfbb88","level":"info","message":"[afc22966-dea4-4477-a86d-a61ed7cfbb88] Request","method":"GET","params":{},"service":"application","status":"200","url":"/metrics"}
{"datetime":"2022-5-29 7:30:0","id":"27ad76d9-903b-4f7d-a873-e895a7e0b67f","level":"info","message":"[27ad76d9-903b-4f7d-a873-e895a7e0b67f] Request","method":"GET","params":{},"service":"application","status":"200","url":"/metrics"}
{"datetime":"2022-5-29 7:30:1","id":"ae16bfb5-3b33-440a-8f87-848a94af3cfb","level":"info","message":"[ae16bfb5-3b33-440a-8f87-848a94af3cfb] Request","method":"GET","params":{},"service":"application","status":"200","url":"/metrics"}
{"datetime":"2022-5-29 7:30:2","id":"767298c1-d28f-4cc4-bf9a-4f255eaa7206","level":"info","message":"[767298c1-d28f-4cc4-bf9a-4f255eaa7206] Request","method":"GET","params":{},"service":"application","status":"200","url":"/metrics"}
{"datetime":"2022-5-29 7:30:2","id":"45b19bfd-d687-4f1c-940c-01e06a21070b","level":"info","message":"[45b19bfd-d687-4f1c-940c-01e06a21070b] Request","method":"GET","params":{},"service":"application","status":"200","url":"/metrics"}
{"datetime":"2022-5-29 7:30:2","id":"3d7697ac-4bc3-4a07-a18e-7618fa61f5ba","level":"info","message":"[3d7697ac-4bc3-4a07-a18e-7618fa61f5ba] Request","method":"GET","params":{},"service":"application","status":"200","url":"/metrics"}
{"datetime":"2022-5-29 7:30:9","level":"info","message":"⚡️[API]: started at PORT:3000","service":"application"}
{"datetime":"2022-5-29 7:30:13","id":"04aceede-ae74-481a-b48f-cc4ab7fe1593","level":"info","message":"[04aceede-ae74-481a-b48f-cc4ab7fe1593] Request","method":"GET","params":{},"service":"application","status":"200","url":"/metrics"}
{"datetime":"2022-5-29 7:30:13","id":"65fa19b2-1cc4-4771-b25f-e985723a0ba2","level":"info","message":"[65fa19b2-1cc4-4771-b25f-e985723a0ba2] Request","method":"GET","params":{},"service":"application","status":"200","url":"/metrics"}
{"datetime":"2022-5-29 7:30:19","level":"info","message":"⚡️[API]: started at PORT:3000","service":"application"}
{"datetime":"2022-5-29 7:30:29","level":"info","message":"⚡️[API]: started at PORT:3000","service":"application"}
{"datetime":"2022-5-29 7:33:14","level":"info","message":"⚡️[API]: started at PORT:3000","service":"application"}
{"datetime":"2022-5-29 7:33:34","level":"info","message":"⚡️[API]: started at PORT:3000","service":"application"}
{"datetime":"2022-5-29 7:33:38","id":"7bf1b9f4-03b6-4dde-b63b-2f48bc6cdab5","level":"info","message":"[7bf1b9f4-03b6-4dde-b63b-2f48bc6cdab5] Request","method":"GET","params":{},"service":"application","status":"200","url":"/metrics"}
{"datetime":"2022-5-29 7:33:39","id":"843fef12-fdc0-482a-8e3d-339c13c1e2f6","level":"info","message":"[843fef12-fdc0-482a-8e3d-339c13c1e2f6] Request","method":"GET","params":{},"service":"application","status":"200","url":"/metrics"}
{"datetime":"2022-5-29 7:33:40","id":"2bda81f5-ba68-4357-a5e5-7e2cff1434e4","level":"info","message":"[2bda81f5-ba68-4357-a5e5-7e2cff1434e4] Request","method":"GET","params":{},"service":"application","status":"200","url":"/metrics"}
{"datetime":"2022-5-29 7:33:40","id":"5efa8687-7fbc-4b81-8895-af395b474cb0","level":"info","message":"[5efa8687-7fbc-4b81-8895-af395b474cb0] Request","method":"GET","params":{},"service":"application","status":"200","url":"/metrics"}
{"datetime":"2022-5-29 7:33:40","id":"fa6151d9-d1db-4ce3-a979-2be1f0e70251","level":"info","message":"[fa6151d9-d1db-4ce3-a979-2be1f0e70251] Request","method":"GET","params":{},"service":"application","status":"200","url":"/metrics"}
{"datetime":"2022-5-29 7:33:55","level":"info","message":"⚡️[API]: started at PORT:3000","service":"application"}
{"datetime":"2022-5-29 7:33:56","id":"c5c616cc-12a4-4447-a06b-a3bde0421b8f","level":"info","message":"[c5c616cc-12a4-4447-a06b-a3bde0421b8f] Request","method":"GET","params":{},"service":"application","status":"200","url":"/metrics"}
{"datetime":"2022-5-29 7:33:56","id":"df5505b1-69e6-4b73-89e7-5451d0b62500","level":"info","message":"[df5505b1-69e6-4b73-89e7-5451d0b62500] Request","method":"GET","params":{},"service":"application","status":"200","url":"/metrics"}
{"datetime":"2022-5-29 7:33:57","id":"a5b506a5-a8d5-4108-baba-12c274662d59","level":"info","message":"[a5b506a5-a8d5-4108-baba-12c274662d59] Request","method":"GET","params":{},"service":"application","status":"200","url":"/metrics"}
{"datetime":"2022-5-29 7:34:2","id":"b5e30874-d532-47c6-a971-f06e944e3fb4","level":"info","message":"[b5e30874-d532-47c6-a971-f06e944e3fb4] Request","method":"GET","params":{},"service":"application","status":"200","url":"/metrics"}
{"datetime":"2022-5-29 7:34:2","id":"51e28cd5-c6c6-48c6-95f4-037ddce0b365","level":"info","message":"[51e28cd5-c6c6-48c6-95f4-037ddce0b365] Request","method":"GET","params":{},"service":"application","status":"200","url":"/metrics"}
{"datetime":"2022-5-29 7:34:2","id":"4a2567e7-a302-4548-9b3c-05a3d6ab01b4","level":"info","message":"[4a2567e7-a302-4548-9b3c-05a3d6ab01b4] Request","method":"GET","params":{},"service":"application","status":"200","url":"/metrics"}
{"datetime":"2022-5-29 7:34:3","id":"3442f6ce-b466-4e37-9a21-e64cf156dd4a","level":"info","message":"[3442f6ce-b466-4e37-9a21-e64cf156dd4a] Request","method":"GET","params":{},"service":"application","status":"200","url":"/metrics"}
{"datetime":"2022-5-29 7:34:3","id":"2fb508d3-c6ff-4780-a073-9f76d5148de8","level":"info","message":"[2fb508d3-c6ff-4780-a073-9f76d5148de8] Request","method":"GET","params":{},"service":"application","status":"200","url":"/metrics"}
{"datetime":"2022-5-29 7:34:3","id":"6d46b915-8665-4db7-9261-e76059936988","level":"info","message":"[6d46b915-8665-4db7-9261-e76059936988] Request","method":"GET","params":{},"service":"application","status":"200","url":"/metrics"}
{"datetime":"2022-5-29 7:34:3","id":"798bc0f5-83e7-4fdf-be25-1e31330fb324","level":"info","message":"[798bc0f5-83e7-4fdf-be25-1e31330fb324] Request","method":"GET","params":{},"service":"application","status":"200","url":"/metrics"}
{"datetime":"2022-5-29 7:34:4","id":"1b47eb2d-6d7b-4c2f-840f-66fa10e78e75","level":"info","message":"[1b47eb2d-6d7b-4c2f-840f-66fa10e78e75] Request","method":"GET","params":{},"service":"application","status":"200","url":"/metrics"}
{"datetime":"2022-5-29 7:34:4","id":"438f4ec9-da3f-4b4e-a74a-8da5581d1d43","level":"info","message":"[438f4ec9-da3f-4b4e-a74a-8da5581d1d43] Request","method":"GET","params":{},"service":"application","status":"200","url":"/metrics"}
{"datetime":"2022-5-29 7:34:4","id":"320ba3b9-72da-49de-af16-8b1df55e5d4c","level":"info","message":"[320ba3b9-72da-49de-af16-8b1df55e5d4c] Request","method":"GET","params":{},"service":"application","status":"200","url":"/metrics"}
{"datetime":"2022-5-29 7:34:4","id":"4e9534ba-2451-489d-9131-4aed92cdbac5","level":"info","message":"[4e9534ba-2451-489d-9131-4aed92cdbac5] Request","method":"GET","params":{},"service":"application","status":"200","url":"/metrics"}
{"datetime":"2022-5-29 7:34:4","id":"9b80f6a0-af20-4f78-8230-9c8ff1f94637","level":"info","message":"[9b80f6a0-af20-4f78-8230-9c8ff1f94637] Request","method":"GET","params":{},"service":"application","status":"200","url":"/metrics"}
{"datetime":"2022-5-29 7:34:4","id":"d318862a-8e3d-4e03-b571-bc78bc4efadd","level":"info","message":"[d318862a-8e3d-4e03-b571-bc78bc4efadd] Request","method":"GET","params":{},"service":"application","status":"200","url":"/metrics"}
{"datetime":"2022-5-29 7:34:5","id":"745a7e69-59ae-4a4b-9ba3-815b4c1e4ab1","level":"info","message":"[745a7e69-59ae-4a4b-9ba3-815b4c1e4ab1] Request","method":"GET","params":{},"service":"application","status":"200","url":"/metrics"}
{"datetime":"2022-5-29 7:34:5","id":"5085aa5a-677f-4c0a-8bf8-8c19882432c0","level":"info","message":"[5085aa5a-677f-4c0a-8bf8-8c19882432c0] Request","method":"GET","params":{},"service":"application","status":"200","url":"/metrics"}
{"datetime":"2022-5-29 7:34:5","id":"27bc7d24-3007-4a15-86c7-e18dfb051b81","level":"info","message":"[27bc7d24-3007-4a15-86c7-e18dfb051b81] Request","method":"GET","params":{},"service":"application","status":"200","url":"/metrics"}
{"datetime":"2022-5-29 7:34:6","id":"dc74a46d-186e-40b2-92ac-8ff0a5333b5e","level":"info","message":"[dc74a46d-186e-40b2-92ac-8ff0a5333b5e] Request","method":"GET","params":{},"service":"application","status":"200","url":"/metrics"}
{"datetime":"2022-5-29 7:34:6","id":"d120db20-ac0d-439a-b19e-765ad0dddcec","level":"info","message":"[d120db20-ac0d-439a-b19e-765ad0dddcec] Request","method":"GET","params":{},"service":"application","status":"200","url":"/metrics"}
{"datetime":"2022-5-29 7:34:6","id":"9d22d5fc-5ece-483c-b7a3-2360a7534d12","level":"info","message":"[9d22d5fc-5ece-483c-b7a3-2360a7534d12] Request","method":"GET","params":{},"service":"application","status":"200","url":"/metrics"}
{"datetime":"2022-5-29 7:34:6","id":"babea800-b263-4d4d-998b-23e7c9b94b63","level":"info","message":"[babea800-b263-4d4d-998b-23e7c9b94b63] Request","method":"GET","params":{},"service":"application","status":"200","url":"/metrics"}
{"datetime":"2022-5-29 7:34:6","id":"ff74e725-5906-42b2-93b8-f1d38f6839dd","level":"info","message":"[ff74e725-5906-42b2-93b8-f1d38f6839dd] Request","method":"GET","params":{},"service":"application","status":"200","url":"/metrics"}
{"datetime":"2022-5-29 7:34:6","id":"d68f7e0b-ee1a-4331-afd0-93bc4c84cb44","level":"info","message":"[d68f7e0b-ee1a-4331-afd0-93bc4c84cb44] Request","method":"GET","params":{},"service":"application","status":"200","url":"/metrics"}
{"datetime":"2022-5-29 7:34:6","id":"cac3714d-c818-49d7-af5c-f97ccf77c317","level":"info","message":"[cac3714d-c818-49d7-af5c-f97ccf77c317] Request","method":"GET","params":{},"service":"application","status":"200","url":"/metrics"}
{"datetime":"2022-5-29 7:34:7","id":"e430ad58-418f-444b-88d3-370400376bd7","level":"info","message":"[e430ad58-418f-444b-88d3-370400376bd7] Request","method":"GET","params":{},"service":"application","status":"200","url":"/metrics"}
{"datetime":"2022-5-29 7:34:7","id":"7abbfb52-f042-4d32-9067-694d07c9bc70","level":"info","message":"[7abbfb52-f042-4d32-9067-694d07c9bc70] Request","method":"GET","params":{},"service":"application","status":"200","url":"/metrics"}
{"datetime":"2022-5-29 7:34:7","id":"8c2472c4-4100-4632-b1a1-77ec09eeefca","level":"info","message":"[8c2472c4-4100-4632-b1a1-77ec09eeefca] Request","method":"GET","params":{},"service":"application","status":"200","url":"/metrics"}
{"datetime":"2022-5-29 7:34:7","id":"12f5a6b0-5cda-4a10-8a46-4c2bbccc112a","level":"info","message":"[12f5a6b0-5cda-4a10-8a46-4c2bbccc112a] Request","method":"GET","params":{},"service":"application","status":"200","url":"/metrics"}
{"datetime":"2022-5-29 7:34:8","id":"33ad7ce1-3e6b-42e0-b72e-845c9a26fcce","level":"info","message":"[33ad7ce1-3e6b-42e0-b72e-845c9a26fcce] Request","method":"GET","params":{},"service":"application","status":"200","url":"/metrics"}
{"datetime":"2022-5-29 7:34:8","id":"57682bcd-ea9b-4442-854e-b7928b11d23a","level":"info","message":"[57682bcd-ea9b-4442-854e-b7928b11d23a] Request","method":"GET","params":{},"service":"application","status":"200","url":"/metrics"}
{"datetime":"2022-5-29 7:34:8","id":"e1559c96-f2a4-4b43-aee5-781ad4971743","level":"info","message":"[e1559c96-f2a4-4b43-aee5-781ad4971743] Request","method":"GET","params":{},"service":"application","status":"200","url":"/metrics"}
{"datetime":"2022-5-29 7:34:8","id":"17f6cdca-b899-4af6-a42f-f7d974a7cd27","level":"info","message":"[17f6cdca-b899-4af6-a42f-f7d974a7cd27] Request","method":"GET","params":{},"service":"application","status":"200","url":"/metrics"}
{"datetime":"2022-5-29 7:34:8","id":"a92ea4b1-7f78-4549-8c50-1ee639719464","level":"info","message":"[a92ea4b1-7f78-4549-8c50-1ee639719464] Request","method":"GET","params":{},"service":"application","status":"200","url":"/metrics"}
{"datetime":"2022-5-29 7:34:8","id":"1fe63977-5dc2-463b-871f-d6e140159265","level":"info","message":"[1fe63977-5dc2-463b-871f-d6e140159265] Request","method":"GET","params":{},"service":"application","status":"200","url":"/metrics"}
{"datetime":"2022-5-29 7:34:8","id":"6d491aaf-ba43-4391-bd64-b88c026662ea","level":"info","message":"[6d491aaf-ba43-4391-bd64-b88c026662ea] Request","method":"GET","params":{},"service":"application","status":"200","url":"/metrics"}
{"datetime":"2022-5-29 7:34:8","id":"d458c87e-44ee-4225-8970-9f5edbfc9b25","level":"info","message":"[d458c87e-44ee-4225-8970-9f5edbfc9b25] Request","method":"GET","params":{},"service":"application","status":"200","url":"/metrics"}
{"datetime":"2022-5-29 7:34:8","id":"904f5fc6-bbb4-4e1b-b486-79af87974e39","level":"info","message":"[904f5fc6-bbb4-4e1b-b486-79af87974e39] Request","method":"GET","params":{},"service":"application","status":"200","url":"/metrics"}
{"datetime":"2022-5-29 7:34:8","id":"f481a5e5-7ff1-4532-b03a-d504d9a7a685","level":"info","message":"[f481a5e5-7ff1-4532-b03a-d504d9a7a685] Request","method":"GET","params":{},"service":"application","status":"200","url":"/metrics"}
{"datetime":"2022-5-29 7:34:8","id":"ef269883-f08b-434f-9950-80f620e56b1d","level":"info","message":"[ef269883-f08b-434f-9950-80f620e56b1d] Request","method":"GET","params":{},"service":"application","status":"200","url":"/metrics"}
{"datetime":"2022-5-29 7:34:8","id":"44eb65ca-cdd8-4dfe-8ba8-c137c0f302bf","level":"info","message":"[44eb65ca-cdd8-4dfe-8ba8-c137c0f302bf] Request","method":"GET","params":{},"service":"application","status":"200","url":"/metrics"}
{"datetime":"2022-5-29 7:34:9","id":"c3798994-8b1d-4baa-a253-65774a213c46","level":"info","message":"[c3798994-8b1d-4baa-a253-65774a213c46] Request","method":"GET","params":{},"service":"application","status":"200","url":"/metrics"}
{"datetime":"2022-5-29 7:34:9","id":"93bf9c6c-39d0-4418-9b55-338d2ba02beb","level":"info","message":"[93bf9c6c-39d0-4418-9b55-338d2ba02beb] Request","method":"GET","params":{},"service":"application","status":"200","url":"/metrics"}
{"datetime":"2022-5-29 7:34:9","id":"c37f73d1-2fb6-4063-9191-7dbfcf442c39","level":"info","message":"[c37f73d1-2fb6-4063-9191-7dbfcf442c39] Request","method":"GET","params":{},"service":"application","status":"200","url":"/metrics"}
{"datetime":"2022-5-29 7:34:9","id":"f60f1913-e4aa-46c6-9548-40b7d9a059d2","level":"info","message":"[f60f1913-e4aa-46c6-9548-40b7d9a059d2] Request","method":"GET","params":{},"service":"application","status":"200","url":"/metrics"}
{"datetime":"2022-5-29 7:34:9","id":"cc965ef2-9b82-4785-bfed-3674a23c3950","level":"info","message":"[cc965ef2-9b82-4785-bfed-3674a23c3950] Request","method":"GET","params":{},"service":"application","status":"200","url":"/metrics"}
{"datetime":"2022-5-29 7:34:9","id":"a8b5fef4-6ce8-4f43-b751-6fc73375a4c8","level":"info","message":"[a8b5fef4-6ce8-4f43-b751-6fc73375a4c8] Request","method":"GET","params":{},"service":"application","status":"200","url":"/metrics"}
{"datetime":"2022-5-29 7:34:9","id":"a4cd0cb0-0380-4e9b-b398-8da2164233c1","level":"info","message":"[a4cd0cb0-0380-4e9b-b398-8da2164233c1] Request","method":"GET","params":{},"service":"application","status":"200","url":"/metrics"}
{"datetime":"2022-5-29 7:34:9","id":"adf776f9-152d-40e8-abef-11178a88c808","level":"info","message":"[adf776f9-152d-40e8-abef-11178a88c808] Request","method":"GET","params":{},"service":"application","status":"200","url":"/metrics"}
{"datetime":"2022-5-29 7:34:9","id":"a0cc4e5b-410e-4934-b007-954d64c600cb","level":"info","message":"[a0cc4e5b-410e-4934-b007-954d64c600cb] Request","method":"GET","params":{},"service":"application","status":"200","url":"/metrics"}
{"datetime":"2022-5-29 7:34:9","id":"db4cf6aa-bbea-4925-b929-1c897abb4715","level":"info","message":"[db4cf6aa-bbea-4925-b929-1c897abb4715] Request","method":"GET","params":{},"service":"application","status":"200","url":"/metrics"}
{"datetime":"2022-5-29 7:34:9","id":"72725056-028e-45db-83be-47cbd209da00","level":"info","message":"[72725056-028e-45db-83be-47cbd209da00] Request","method":"GET","params":{},"service":"application","status":"200","url":"/metrics"}
{"datetime":"2022-5-29 7:34:9","id":"5649dfbf-7119-4e66-aa94-0be0b29c9d2a","level":"info","message":"[5649dfbf-7119-4e66-aa94-0be0b29c9d2a] Request","method":"GET","params":{},"service":"application","status":"200","url":"/metrics"}
{"datetime":"2022-5-29 7:34:10","id":"a3cef63d-4035-4b04-a13d-2c2d0bb99c73","level":"info","message":"[a3cef63d-4035-4b04-a13d-2c2d0bb99c73] Request","method":"GET","params":{},"service":"application","status":"200","url":"/metrics"}
{"datetime":"2022-5-29 7:34:10","id":"0268dfc1-4dc1-46f1-a127-c92215265858","level":"info","message":"[0268dfc1-4dc1-46f1-a127-c92215265858] Request","method":"GET","params":{},"service":"application","status":"200","url":"/metrics"}
{"datetime":"2022-5-29 7:34:10","id":"669ae3e2-46f4-4ddc-8e3c-03135853fac4","level":"info","message":"[669ae3e2-46f4-4ddc-8e3c-03135853fac4] Request","method":"GET","params":{},"service":"application","status":"200","url":"/metrics"}
{"datetime":"2022-5-29 7:34:10","id":"ef68d335-2bcc-4061-af98-71a8810c99c8","level":"info","message":"[ef68d335-2bcc-4061-af98-71a8810c99c8] Request","method":"GET","params":{},"service":"application","status":"200","url":"/metrics"}
{"datetime":"2022-5-29 7:34:10","id":"67788cde-f39e-41df-beaf-021d80614b43","level":"info","message":"[67788cde-f39e-41df-beaf-021d80614b43] Request","method":"GET","params":{},"service":"application","status":"200","url":"/metrics"}
{"datetime":"2022-5-29 7:34:10","id":"c3a05519-80d2-418a-b5f0-33336734e0e3","level":"info","message":"[c3a05519-80d2-418a-b5f0-33336734e0e3] Request","method":"GET","params":{},"service":"application","status":"200","url":"/metrics"}
{"datetime":"2022-5-29 7:34:10","id":"5918f8a3-e7ad-45a9-8bb4-9e87489b4136","level":"info","message":"[5918f8a3-e7ad-45a9-8bb4-9e87489b4136] Request","method":"GET","params":{},"service":"application","status":"200","url":"/metrics"}
{"datetime":"2022-5-29 7:34:10","id":"dc80da8a-d924-489c-b1de-b5a5c6f77244","level":"info","message":"[dc80da8a-d924-489c-b1de-b5a5c6f77244] Request","method":"GET","params":{},"service":"application","status":"200","url":"/metrics"}
{"datetime":"2022-5-29 7:34:10","id":"2aa2239b-f4f0-4b79-9a37-a763d7c74616","level":"info","message":"[2aa2239b-f4f0-4b79-9a37-a763d7c74616] Request","method":"GET","params":{},"service":"application","status":"200","url":"/metrics"}
{"datetime":"2022-5-29 7:34:10","id":"7c7ebff6-28e8-4600-95cf-8594dd76b968","level":"info","message":"[7c7ebff6-28e8-4600-95cf-8594dd76b968] Request","method":"GET","params":{},"service":"application","status":"200","url":"/metrics"}
{"datetime":"2022-5-29 7:34:10","id":"9bf1c9fa-a719-4fa2-bc03-1c0691fabd51","level":"info","message":"[9bf1c9fa-a719-4fa2-bc03-1c0691fabd51] Request","method":"GET","params":{},"service":"application","status":"200","url":"/metrics"}
{"datetime":"2022-5-29 7:34:10","id":"0c27ed6e-5b3c-4e91-83de-2c033acf4d41","level":"info","message":"[0c27ed6e-5b3c-4e91-83de-2c033acf4d41] Request","method":"GET","params":{},"service":"application","status":"200","url":"/metrics"}
{"datetime":"2022-5-29 7:34:17","id":"4072cbe5-d4a8-431b-bf1e-e79426452c45","level":"info","message":"[4072cbe5-d4a8-431b-bf1e-e79426452c45] Request","method":"GET","params":{},"service":"application","status":"200","url":"/metrics"}
{"datetime":"2022-5-29 7:34:17","id":"217ab431-6931-475e-9192-c8610cef05ad","level":"info","message":"[217ab431-6931-475e-9192-c8610cef05ad] Request","method":"GET","params":{},"service":"application","status":"200","url":"/metrics"}
{"datetime":"2022-5-29 7:34:17","id":"67bd8da9-1da2-4f09-aa39-5f800b0187bf","level":"info","message":"[67bd8da9-1da2-4f09-aa39-5f800b0187bf] Request","method":"GET","params":{},"service":"application","status":"200","url":"/metrics"}
{"datetime":"2022-5-29 7:34:18","id":"e4ded40a-063a-44ea-861a-f7fb03b616cf","level":"info","message":"[e4ded40a-063a-44ea-861a-f7fb03b616cf] Request","method":"GET","params":{},"service":"application","status":"200","url":"/metrics"}
{"datetime":"2022-5-29 7:34:18","id":"08cb035e-afff-4fb5-8f58-b0fdf411ba24","level":"info","message":"[08cb035e-afff-4fb5-8f58-b0fdf411ba24] Request","method":"GET","params":{},"service":"application","status":"200","url":"/metrics"}
{"datetime":"2022-5-29 7:34:18","id":"e10a6a9b-4ec4-414b-8c0c-d795bfb87c6a","level":"info","message":"[e10a6a9b-4ec4-414b-8c0c-d795bfb87c6a] Request","method":"GET","params":{},"service":"application","status":"200","url":"/metrics"}
{"datetime":"2022-5-29 7:34:18","id":"75f5bba3-e1bf-4df8-ae42-bdc1756612a9","level":"info","message":"[75f5bba3-e1bf-4df8-ae42-bdc1756612a9] Request","method":"GET","params":{},"service":"application","status":"200","url":"/metrics"}
{"datetime":"2022-5-29 7:34:18","id":"87267be1-3a59-4a96-a9c1-d8d714c9d2a3","level":"info","message":"[87267be1-3a59-4a96-a9c1-d8d714c9d2a3] Request","method":"GET","params":{},"service":"application","status":"200","url":"/metrics"}
{"datetime":"2022-5-29 7:34:18","id":"cb1e3116-25bf-4caf-a305-8a832e9ddb58","level":"info","message":"[cb1e3116-25bf-4caf-a305-8a832e9ddb58] Request","method":"GET","params":{},"service":"application","status":"200","url":"/metrics"}
{"datetime":"2022-5-29 7:34:18","id":"34c1eea5-1a5a-4c6a-bffa-08a56b25fa8f","level":"info","message":"[34c1eea5-1a5a-4c6a-bffa-08a56b25fa8f] Request","method":"GET","params":{},"service":"application","status":"200","url":"/metrics"}
{"datetime":"2022-5-29 7:34:18","id":"29c0e804-ea92-41cc-b145-838ac2b16e65","level":"info","message":"[29c0e804-ea92-41cc-b145-838ac2b16e65] Request","method":"GET","params":{},"service":"application","status":"200","url":"/metrics"}
{"datetime":"2022-5-29 7:34:19","id":"3ce6d863-defe-4413-8153-f671e62a9db6","level":"info","message":"[3ce6d863-defe-4413-8153-f671e62a9db6] Request","method":"GET","params":{},"service":"application","status":"200","url":"/metrics"}
{"datetime":"2022-5-29 7:34:19","id":"c7b994ed-ff88-4a96-a362-bf77a8c53492","level":"info","message":"[c7b994ed-ff88-4a96-a362-bf77a8c53492] Request","method":"GET","params":{},"service":"application","status":"200","url":"/metrics"}
{"datetime":"2022-5-29 7:34:19","id":"b0a4dbda-28a2-4a95-82cf-63be34d6f81b","level":"info","message":"[b0a4dbda-28a2-4a95-82cf-63be34d6f81b] Request","method":"GET","params":{},"service":"application","status":"200","url":"/metrics"}
{"datetime":"2022-5-29 7:34:19","id":"0edea269-1308-483d-a9d1-e4cb77942b60","level":"info","message":"[0edea269-1308-483d-a9d1-e4cb77942b60] Request","method":"GET","params":{},"service":"application","status":"200","url":"/metrics"}
{"datetime":"2022-5-29 7:34:19","id":"0508a966-e33a-4ef2-a8d5-7698bef0d044","level":"info","message":"[0508a966-e33a-4ef2-a8d5-7698bef0d044] Request","method":"GET","params":{},"service":"application","status":"200","url":"/metrics"}
{"datetime":"2022-5-29 7:34:19","id":"87890466-7e5b-451a-ad91-412f59e023f9","level":"info","message":"[87890466-7e5b-451a-ad91-412f59e023f9] Request","method":"GET","params":{},"service":"application","status":"200","url":"/metrics"}
{"datetime":"2022-5-29 7:34:19","id":"39f0090c-50ed-4603-a3ad-faf41371ad5e","level":"info","message":"[39f0090c-50ed-4603-a3ad-faf41371ad5e] Request","method":"GET","params":{},"service":"application","status":"200","url":"/metrics"}
{"datetime":"2022-5-29 7:34:19","id":"8b74fdbb-b077-46a7-bcf9-76ca518abab1","level":"info","message":"[8b74fdbb-b077-46a7-bcf9-76ca518abab1] Request","method":"GET","params":{},"service":"application","status":"200","url":"/metrics"}
{"datetime":"2022-5-29 7:34:19","id":"f8063f29-85ee-49f7-a74f-a1bd79b90ae1","level":"info","message":"[f8063f29-85ee-49f7-a74f-a1bd79b90ae1] Request","method":"GET","params":{},"service":"application","status":"200","url":"/metrics"}
{"datetime":"2022-5-29 7:34:19","id":"035737ff-cfae-43be-9bd0-95b303667472","level":"info","message":"[035737ff-cfae-43be-9bd0-95b303667472] Request","method":"GET","params":{},"service":"application","status":"200","url":"/metrics"}
{"datetime":"2022-5-29 7:34:19","id":"bcf2b344-55cc-4805-9696-eee6995775a5","level":"info","message":"[bcf2b344-55cc-4805-9696-eee6995775a5] Request","method":"GET","params":{},"service":"application","status":"200","url":"/metrics"}
{"datetime":"2022-5-29 7:34:19","id":"529a71e1-1393-4202-942b-c0a09230bce7","level":"info","message":"[529a71e1-1393-4202-942b-c0a09230bce7] Request","method":"GET","params":{},"service":"application","status":"200","url":"/metrics"}
{"datetime":"2022-5-29 7:34:20","id":"435f3064-dca7-4afb-a786-b53c72780442","level":"info","message":"[435f3064-dca7-4afb-a786-b53c72780442] Request","method":"GET","params":{},"service":"application","status":"200","url":"/metrics"}
{"datetime":"2022-5-29 7:34:24","id":"b5a9bdcd-ecb5-4608-946c-50426d95c03c","level":"info","message":"[b5a9bdcd-ecb5-4608-946c-50426d95c03c] Request","method":"GET","params":{},"service":"application","status":"200","url":"/metrics"}
{"datetime":"2022-5-29 7:34:25","id":"ea972bfa-b3a3-4662-bf52-28d2394422fa","level":"info","message":"[ea972bfa-b3a3-4662-bf52-28d2394422fa] Request","method":"GET","params":{},"service":"application","status":"200","url":"/metrics"}
{"datetime":"2022-5-29 7:34:25","id":"b232bd66-027c-4e42-9772-8006b76d544e","level":"info","message":"[b232bd66-027c-4e42-9772-8006b76d544e] Request","method":"GET","params":{},"service":"application","status":"200","url":"/metrics"}
{"datetime":"2022-5-29 7:34:25","id":"450d296d-b0b7-4251-a55f-5e257d9dbcde","level":"info","message":"[450d296d-b0b7-4251-a55f-5e257d9dbcde] Request","method":"GET","params":{},"service":"application","status":"200","url":"/metrics"}
{"datetime":"2022-5-29 7:34:25","id":"b454aafe-3d6e-4346-830f-943c462f6c2e","level":"info","message":"[b454aafe-3d6e-4346-830f-943c462f6c2e] Request","method":"GET","params":{},"service":"application","status":"200","url":"/metrics"}
{"datetime":"2022-5-29 7:34:25","id":"f1cea5fd-7061-4129-89f4-bb0c7dff4e63","level":"info","message":"[f1cea5fd-7061-4129-89f4-bb0c7dff4e63] Request","method":"GET","params":{},"service":"application","status":"200","url":"/metrics"}
{"datetime":"2022-5-29 7:34:25","id":"77530507-4776-4dad-9108-37ed1e728697","level":"info","message":"[77530507-4776-4dad-9108-37ed1e728697] Request","method":"GET","params":{},"service":"application","status":"200","url":"/metrics"}
{"datetime":"2022-5-29 7:34:25","id":"a5430f1e-4e24-4148-8c97-fed524b71861","level":"info","message":"[a5430f1e-4e24-4148-8c97-fed524b71861] Request","method":"GET","params":{},"service":"application","status":"200","url":"/metrics"}
{"datetime":"2022-5-29 7:34:25","id":"fbcb6888-d1e1-4674-8b0e-28a9c2d6a7e0","level":"info","message":"[fbcb6888-d1e1-4674-8b0e-28a9c2d6a7e0] Request","method":"GET","params":{},"service":"application","status":"200","url":"/metrics"}
{"datetime":"2022-5-29 7:34:25","id":"cf7179b7-056d-4737-b76c-eb843530b050","level":"info","message":"[cf7179b7-056d-4737-b76c-eb843530b050] Request","method":"GET","params":{},"service":"application","status":"200","url":"/metrics"}
{"datetime":"2022-5-29 7:34:25","id":"2abd83aa-05e2-4e30-bdb1-e000e9a5ca65","level":"info","message":"[2abd83aa-05e2-4e30-bdb1-e000e9a5ca65] Request","method":"GET","params":{},"service":"application","status":"200","url":"/metrics"}
{"datetime":"2022-5-29 7:34:25","id":"1f687e24-f3b6-4ffe-a3fe-e2e66fefdd3a","level":"info","message":"[1f687e24-f3b6-4ffe-a3fe-e2e66fefdd3a] Request","method":"GET","params":{},"service":"application","status":"200","url":"/metrics"}
{"datetime":"2022-5-29 7:34:26","id":"c9641a8f-4106-4623-b328-b7cfca8ccb97","level":"info","message":"[c9641a8f-4106-4623-b328-b7cfca8ccb97] Request","method":"GET","params":{},"service":"application","status":"200","url":"/metrics"}
{"datetime":"2022-5-29 7:34:26","id":"88a8db21-797a-4cd1-b1c8-874b12e63140","level":"info","message":"[88a8db21-797a-4cd1-b1c8-874b12e63140] Request","method":"GET","params":{},"service":"application","status":"200","url":"/metrics"}
{"datetime":"2022-5-29 7:34:26","id":"d5de8b2e-70de-478f-a225-b92d7c18054b","level":"info","message":"[d5de8b2e-70de-478f-a225-b92d7c18054b] Request","method":"GET","params":{},"service":"application","status":"200","url":"/metrics"}
{"datetime":"2022-5-29 7:34:26","id":"ec02d97a-64c0-4fc5-9d90-f336e38f3099","level":"info","message":"[ec02d97a-64c0-4fc5-9d90-f336e38f3099] Request","method":"GET","params":{},"service":"application","status":"200","url":"/metrics"}
{"datetime":"2022-5-29 7:34:26","id":"20aefce7-972b-4c62-8281-d8bae7028933","level":"info","message":"[20aefce7-972b-4c62-8281-d8bae7028933] Request","method":"GET","params":{},"service":"application","status":"200","url":"/metrics"}
{"datetime":"2022-5-29 7:34:26","id":"d5fe4452-39f9-401b-9c81-62ed3982a66c","level":"info","message":"[d5fe4452-39f9-401b-9c81-62ed3982a66c] Request","method":"GET","params":{},"service":"application","status":"200","url":"/metrics"}
{"datetime":"2022-5-29 7:34:26","id":"1870cdd2-4f11-4332-9372-95cf49a840b6","level":"info","message":"[1870cdd2-4f11-4332-9372-95cf49a840b6] Request","method":"GET","params":{},"service":"application","status":"200","url":"/metrics"}
{"datetime":"2022-5-29 7:34:26","id":"d265608b-812f-4a61-936a-0d2364efced3","level":"info","message":"[d265608b-812f-4a61-936a-0d2364efced3] Request","method":"GET","params":{},"service":"application","status":"200","url":"/metrics"}
{"datetime":"2022-5-29 7:34:26","id":"0b108cfb-7b53-44a7-bd3d-7a6a19137aee","level":"info","message":"[0b108cfb-7b53-44a7-bd3d-7a6a19137aee] Request","method":"GET","params":{},"service":"application","status":"200","url":"/metrics"}
{"datetime":"2022-5-29 7:34:26","id":"05b9b07a-fe38-49c6-8761-d3ccc114fc18","level":"info","message":"[05b9b07a-fe38-49c6-8761-d3ccc114fc18] Request","method":"GET","params":{},"service":"application","status":"200","url":"/metrics"}
{"datetime":"2022-5-29 7:34:26","id":"381eb68d-08ca-4980-a956-584279e5bc46","level":"info","message":"[381eb68d-08ca-4980-a956-584279e5bc46] Request","method":"GET","params":{},"service":"application","status":"200","url":"/metrics"}
{"datetime":"2022-5-29 7:34:26","id":"efe9c8c4-634a-461d-a987-74085d8d3f50","level":"info","message":"[efe9c8c4-634a-461d-a987-74085d8d3f50] Request","method":"GET","params":{},"service":"application","status":"200","url":"/metrics"}
{"datetime":"2022-5-29 7:34:27","id":"bfc10b5b-42e0-47b8-b75d-1c646f1c100c","level":"info","message":"[bfc10b5b-42e0-47b8-b75d-1c646f1c100c] Request","method":"GET","params":{},"service":"application","status":"200","url":"/metrics"}
{"datetime":"2022-5-29 7:34:27","id":"0d2f33a0-692d-447a-b8ea-715be182df5e","level":"info","message":"[0d2f33a0-692d-447a-b8ea-715be182df5e] Request","method":"GET","params":{},"service":"application","status":"200","url":"/metrics"}
{"datetime":"2022-5-29 7:34:27","id":"8c8176dd-0df7-4b53-b7f7-2f7ece768fb6","level":"info","message":"[8c8176dd-0df7-4b53-b7f7-2f7ece768fb6] Request","method":"GET","params":{},"service":"application","status":"200","url":"/metrics"}
{"datetime":"2022-5-29 7:34:27","id":"dee105c7-a6f8-4687-89d6-480949982ade","level":"info","message":"[dee105c7-a6f8-4687-89d6-480949982ade] Request","method":"GET","params":{},"service":"application","status":"200","url":"/metrics"}
{"datetime":"2022-5-29 7:34:27","id":"acd7a57e-7cfd-43b9-823d-e04903a03368","level":"info","message":"[acd7a57e-7cfd-43b9-823d-e04903a03368] Request","method":"GET","params":{},"service":"application","status":"200","url":"/metrics"}
{"datetime":"2022-5-29 7:34:27","id":"ef3a0b0a-4588-40df-98ca-24f47a6ac7c2","level":"info","message":"[ef3a0b0a-4588-40df-98ca-24f47a6ac7c2] Request","method":"GET","params":{},"service":"application","status":"200","url":"/metrics"}
{"datetime":"2022-5-29 7:34:27","id":"df9d9e3c-32da-4514-81c7-d76afc88ab5a","level":"info","message":"[df9d9e3c-32da-4514-81c7-d76afc88ab5a] Request","method":"GET","params":{},"service":"application","status":"200","url":"/metrics"}
{"datetime":"2022-5-29 7:34:27","id":"006a9a94-4e33-447b-b13d-46ddc0f7e9ca","level":"info","message":"[006a9a94-4e33-447b-b13d-46ddc0f7e9ca] Request","method":"GET","params":{},"service":"application","status":"200","url":"/metrics"}
{"datetime":"2022-5-29 7:34:27","id":"b5583904-543d-493a-bfe1-b8922def38ed","level":"info","message":"[b5583904-543d-493a-bfe1-b8922def38ed] Request","method":"GET","params":{},"service":"application","status":"200","url":"/metrics"}
{"datetime":"2022-5-29 7:34:27","id":"cfea84e1-c96e-47ee-a061-abfa81ba5a75","level":"info","message":"[cfea84e1-c96e-47ee-a061-abfa81ba5a75] Request","method":"GET","params":{},"service":"application","status":"200","url":"/metrics"}
{"datetime":"2022-5-29 7:34:27","id":"2d1c7c4a-a58f-400f-90d5-a3fd0fd7ae8f","level":"info","message":"[2d1c7c4a-a58f-400f-90d5-a3fd0fd7ae8f] Request","method":"GET","params":{},"service":"application","status":"200","url":"/metrics"}
{"datetime":"2022-5-29 7:34:27","id":"9dd804cb-9ab3-47d2-88ab-5ebc4eed8cd8","level":"info","message":"[9dd804cb-9ab3-47d2-88ab-5ebc4eed8cd8] Request","method":"GET","params":{},"service":"application","status":"200","url":"/metrics"}
{"datetime":"2022-5-29 7:34:28","id":"c89f7911-33fd-46c7-a08a-c048023b4331","level":"info","message":"[c89f7911-33fd-46c7-a08a-c048023b4331] Request","method":"GET","params":{},"service":"application","status":"200","url":"/metrics"}
{"datetime":"2022-5-29 7:34:28","id":"2f2a81da-f47b-4d8c-bbf8-11a9f7fe3d8a","level":"info","message":"[2f2a81da-f47b-4d8c-bbf8-11a9f7fe3d8a] Request","method":"GET","params":{},"service":"application","status":"200","url":"/metrics"}
{"datetime":"2022-5-29 7:34:28","id":"970ebb68-2005-48d2-9ebc-042271239db1","level":"info","message":"[970ebb68-2005-48d2-9ebc-042271239db1] Request","method":"GET","params":{},"service":"application","status":"200","url":"/metrics"}
{"datetime":"2022-5-29 7:34:28","id":"efe65e61-aa25-4f00-8825-7de328038694","level":"info","message":"[efe65e61-aa25-4f00-8825-7de328038694] Request","method":"GET","params":{},"service":"application","status":"200","url":"/metrics"}
{"datetime":"2022-5-29 7:34:28","id":"9f12a31c-4557-4384-8042-11cf9105ee53","level":"info","message":"[9f12a31c-4557-4384-8042-11cf9105ee53] Request","method":"GET","params":{},"service":"application","status":"200","url":"/metrics"}
{"datetime":"2022-5-29 7:34:28","id":"c8fd1480-dac0-4e2b-891c-f7b2e2bf45b3","level":"info","message":"[c8fd1480-dac0-4e2b-891c-f7b2e2bf45b3] Request","method":"GET","params":{},"service":"application","status":"200","url":"/metrics"}
{"datetime":"2022-5-29 7:34:28","id":"6615bec5-48eb-4eff-87f1-86844ad59c46","level":"info","message":"[6615bec5-48eb-4eff-87f1-86844ad59c46] Request","method":"GET","params":{},"service":"application","status":"200","url":"/metrics"}
{"datetime":"2022-5-29 7:34:28","id":"fbeca68c-00b3-4c60-8f67-02c608d24e55","level":"info","message":"[fbeca68c-00b3-4c60-8f67-02c608d24e55] Request","method":"GET","params":{},"service":"application","status":"200","url":"/metrics"}
{"datetime":"2022-5-29 7:34:28","id":"883990c7-8ea6-444e-b9b8-0b839a3e7a56","level":"info","message":"[883990c7-8ea6-444e-b9b8-0b839a3e7a56] Request","method":"GET","params":{},"service":"application","status":"200","url":"/metrics"}
{"datetime":"2022-5-29 7:34:28","id":"9dd3566b-f81a-4f5e-87bd-4b4b3328654c","level":"info","message":"[9dd3566b-f81a-4f5e-87bd-4b4b3328654c] Request","method":"GET","params":{},"service":"application","status":"200","url":"/metrics"}
{"datetime":"2022-5-29 7:34:28","id":"c862434a-9a60-4bd5-8637-a05f8257d82c","level":"info","message":"[c862434a-9a60-4bd5-8637-a05f8257d82c] Request","method":"GET","params":{},"service":"application","status":"200","url":"/metrics"}
{"datetime":"2022-5-29 7:34:28","id":"00c0f067-41de-4198-b316-d5f1192803a5","level":"info","message":"[00c0f067-41de-4198-b316-d5f1192803a5] Request","method":"GET","params":{},"service":"application","status":"200","url":"/metrics"}
{"datetime":"2022-5-29 7:34:29","id":"f38080e9-fe60-4ba2-b522-3f845aeefd0e","level":"info","message":"[f38080e9-fe60-4ba2-b522-3f845aeefd0e] Request","method":"GET","params":{},"service":"application","status":"200","url":"/metrics"}
{"datetime":"2022-5-29 7:35:13","level":"info","message":"⚡️[API]: started at PORT:3000","service":"application"}
{"datetime":"2022-5-29 7:35:33","level":"info","message":"⚡️[API]: started at PORT:3000","service":"application"}
{"datetime":"2022-5-29 7:35:54","id":"52ab1345-af83-438a-af76-9d89a15713be","level":"info","message":"[52ab1345-af83-438a-af76-9d89a15713be] Request","method":"GET","params":{},"service":"application","status":"200","url":"/metrics"}
{"datetime":"2022-5-29 7:35:54","id":"2a26fe39-e650-487d-b6ca-bb2712ddf761","level":"info","message":"[2a26fe39-e650-487d-b6ca-bb2712ddf761] Request","method":"GET","params":{},"service":"application","status":"200","url":"/metrics"}
{"datetime":"2022-5-29 7:35:55","id":"766d9f17-79ac-4102-a3b1-c97cca2eab89","level":"info","message":"[766d9f17-79ac-4102-a3b1-c97cca2eab89] Request","method":"GET","params":{},"service":"application","status":"200","url":"/metrics"}
